2023-04-03 03:08:12.099387 - Initialized conversion of CBT852
2023-04-03 03:09:23.930612 - Received CBT.V504.FILE852.PDS from FILE852.XMI 
2023-04-03 03:09:23.935004 - Found $$$#DATE.txt (text/plain) in CBT.V504.FILE852.PDS, moved to PDS/$$$#DATE
2023-04-03 03:09:23.936212 - Found $$DOC.txt (text/plain) in CBT.V504.FILE852.PDS, moved to PDS/$$DOC
2023-04-03 03:09:23.937719 - Found $$NOTE01.txt (text/plain) in CBT.V504.FILE852.PDS, moved to PDS/$$NOTE01
2023-04-03 03:09:23.939128 - Found $$SYS380.txt (text/plain) in CBT.V504.FILE852.PDS, moved to PDS/$$SYS380
2023-04-03 03:09:23.940134 - Found @FILE852.txt (text/plain) in CBT.V504.FILE852.PDS, moved to PDS/@FILE852
2023-04-03 03:09:24.221802 - Found GCCDOC.xmi (application/xmit) in CBT.V504.FILE852.PDS
2023-04-03 03:09:24.233849   - Received to CBT852/GCC.DOC
2023-04-03 03:09:26.257765 - Found GCCINC.xmi (application/xmit) in CBT.V504.FILE852.PDS
2023-04-03 03:09:26.444104   - Received to CBT852/GCC.INCLUDE
2023-04-03 03:09:26.645054 - Found GCCJCL.xmi (application/xmit) in CBT.V504.FILE852.PDS
2023-04-03 03:09:26.684531   - Received to CBT852/GCC.JCL
2023-04-03 03:09:27.229695 - Found GCCLINK.xmi (application/xmit) in CBT.V504.FILE852.PDS
2023-04-03 03:09:27.243020   - Received RECFM=U data, stored XMIT file as CBT852/GCCLINK.xmi
2023-04-03 03:09:27.262269 - Found GCCPROC.xmi (application/xmit) in CBT.V504.FILE852.PDS
2023-04-03 03:09:27.269820   - Received to CBT852/GCC.PROCLIB
2023-04-03 03:09:38.444460 - Found GCCSRC.xmi (application/xmit) in CBT.V504.FILE852.PDS
2023-04-03 03:09:38.712067   - Received to CBT852/GCC.SOURCE
2023-04-03 03:09:46.520836 - Found GCCS2.xmi (application/xmit) in CBT.V504.FILE852.PDS
2023-04-03 03:09:46.751149   - Received to CBT852/GCC.S2
2023-04-03 03:09:46.795296 - Found PDPDOC.xmi (application/xmit) in CBT.V504.FILE852.PDS
2023-04-03 03:09:46.803224   - Received to CBT852/PDPCLIB.DOC
2023-04-03 03:09:46.939146 - Found PDPINC.xmi (application/xmit) in CBT.V504.FILE852.PDS
2023-04-03 03:09:46.959748   - Received to CBT852/PDPCLIB.INCLUDE
2023-04-03 03:09:47.008916 - Found PDPLINK.xmi (application/xmit) in CBT.V504.FILE852.PDS
2023-04-03 03:09:47.022277   - Received RECFM=U data, stored XMIT file as CBT852/PDPLINK.xmi
2023-04-03 03:09:47.066989 - Found PDPMAC.xmi (application/xmit) in CBT.V504.FILE852.PDS
2023-04-03 03:09:47.078720   - Received to CBT852/PDPCLIB.MACLIB
2023-04-03 03:09:47.139151 - Found PDPNCAL.xmi (application/xmit) in CBT.V504.FILE852.PDS
2023-04-03 03:09:47.328914   - Received RECFM=U data, stored XMIT file as CBT852/PDPNCAL.xmi
2023-04-03 03:09:48.011356 - Found PDPSRC.xmi (application/xmit) in CBT.V504.FILE852.PDS
2023-04-03 03:09:48.072630   - Received to CBT852/PDPCLIB.SOURCE
2023-04-03 03:09:48.073945 - Found XMIT1.jcl (text/plain) in CBT.V504.FILE852.PDS, moved to PDS/XMIT1
2023-04-03 03:09:48.075042 - Found XMIT2.jcl (text/plain) in CBT.V504.FILE852.PDS, moved to PDS/XMIT2
2023-04-03 03:09:48.076000 - Found XMIT3.jcl (text/plain) in CBT.V504.FILE852.PDS, moved to PDS/XMIT3
2023-04-03 03:09:48.077130 - Found XMIT4.jcl (text/plain) in CBT.V504.FILE852.PDS, moved to PDS/XMIT4
2023-04-03 03:09:48.078107 - Found XMIT5.jcl (text/plain) in CBT.V504.FILE852.PDS, moved to PDS/XMIT5
2023-04-03 03:09:48.079100 - Found XMIT6.jcl (text/plain) in CBT.V504.FILE852.PDS, moved to PDS/XMIT6
2023-04-03 03:09:48.080056 - Found XMIT7.jcl (text/plain) in CBT.V504.FILE852.PDS, moved to PDS/XMIT7
2023-04-03 03:09:48.080967 - Found XMIT8.jcl (text/plain) in CBT.V504.FILE852.PDS, moved to PDS/XMIT8
